2026-07-03 09:10:12,789 [INFO] Activator:176 - 


2026-07-03 09:10:12,792 [INFO] Activator:177 - !SESSION log4j initialized
2026-07-03 09:10:16,398 [INFO] LogOutputStream:77 - [STDOUT_REDIRECT] 
2026-07-03 09:10:17,105 [INFO] ApplicationProperties:184 - Using Application install path: /home/anon/st/stm32cubeide_1.19.0_2/plugins/com.st.stm32cube.common.mx_6.15.0.202507011659
2026-07-03 09:10:17,119 [INFO] DbMcusXml:78 - Set database path to: /home/anon/st/stm32cubeide_1.19.0_2/plugins/com.st.stm32cube.common.mx_6.15.0.202507011659//db//mcu/
2026-07-03 09:10:17,119 [INFO] ApiDb:274 - Set plugin database path to: /home/anon/st/stm32cubeide_1.19.0_2/plugins/com.st.stm32cube.common.mx_6.15.0.202507011659//db//plugins/boardmanager/
2026-07-03 09:10:17,119 [WARN] ApiDb:259 - Overriding images path with different value:  => /home/anon/st/stm32cubeide_1.19.0_2/plugins/com.st.stm32cube.common.mx_6.15.0.202507011659//db//plugins/mcufinder/images/
2026-07-03 09:10:17,124 [INFO] ApiDb:250 - Set database path to: /home/anon/.stmcufinder/plugins/mcufinder//mcu/
2026-07-03 09:10:17,125 [INFO] DbMcusAds:125 - Set database path to: /home/anon/.stmcufinder/plugins/mcufinder//mcu/
2026-07-03 09:10:17,126 [INFO] CrossReferenceDbSqlite:203 - Set database path to: /home/anon/.stmcufinder/plugins/mcufinder//mcu/cs/
2026-07-03 09:10:17,216 [INFO] RulesReader:64 - Compatibility file has been processed (317 Rules)
2026-07-03 09:10:17,273 [INFO] DbMcusXml:78 - Set database path to: /home/anon/st/stm32cubeide_1.19.0_2/plugins/com.st.stm32cube.common.mx_6.15.0.202507011659//db//mcu/
2026-07-03 09:10:17,273 [INFO] ApiDb:274 - Set plugin database path to: /home/anon/st/stm32cubeide_1.19.0_2/plugins/com.st.stm32cube.common.mx_6.15.0.202507011659//db//plugins/boardmanager/
2026-07-03 09:10:17,274 [INFO] ApiDb:261 - Set plugin images path to: /home/anon/st/stm32cubeide_1.19.0_2/plugins/com.st.stm32cube.common.mx_6.15.0.202507011659//db//plugins/mcufinder/images/
2026-07-03 09:10:17,274 [WARN] DbFile:41 - Overriding database path with different value: /home/anon/.stmcufinder/plugins/mcufinder/ => /home/anon/.stmcufinder/plugins/mcufinder
2026-07-03 09:10:17,274 [INFO] ApiDb:250 - Set database path to: /home/anon/.stmcufinder/plugins/mcufinder//mcu/
2026-07-03 09:10:17,274 [WARN] DbFile:41 - Overriding database path with different value: /home/anon/.stmcufinder/plugins/mcufinder/ => /home/anon/.stmcufinder/plugins/mcufinder
2026-07-03 09:10:17,274 [INFO] DbMcusAds:125 - Set database path to: /home/anon/.stmcufinder/plugins/mcufinder//mcu/
2026-07-03 09:10:17,274 [WARN] DbFile:41 - Overriding database path with different value: /home/anon/.stmcufinder/plugins/mcufinder/ => /home/anon/.stmcufinder/plugins/mcufinder
2026-07-03 09:10:17,274 [WARN] DbFile:41 - Overriding database path with different value: /home/anon/.stmcufinder/plugins/mcufinder/ => /home/anon/.stmcufinder/plugins/mcufinder
2026-07-03 09:10:17,274 [INFO] CrossReferenceDbSqlite:203 - Set database path to: /home/anon/.stmcufinder/plugins/mcufinder//mcu/cs/
2026-07-03 09:10:17,332 [INFO] MainPanel:274 - HeapMemory: 268435456
2026-07-03 09:10:17,435 [INFO] DbMcusXml:78 - Set database path to: /home/anon/st/stm32cubeide_1.19.0_2/plugins/com.st.stm32cube.common.mx_6.15.0.202507011659//db//mcu/
2026-07-03 09:10:17,435 [INFO] ApiDb:274 - Set plugin database path to: /home/anon/st/stm32cubeide_1.19.0_2/plugins/com.st.stm32cube.common.mx_6.15.0.202507011659//db//plugins/boardmanager/
2026-07-03 09:10:17,435 [INFO] ApiDb:261 - Set plugin images path to: /home/anon/st/stm32cubeide_1.19.0_2/plugins/com.st.stm32cube.common.mx_6.15.0.202507011659//db//plugins/mcufinder/images/
2026-07-03 09:10:17,435 [WARN] DbFile:41 - Overriding database path with different value: /home/anon/.stmcufinder/plugins/mcufinder/ => /home/anon/.stmcufinder/plugins/mcufinder
2026-07-03 09:10:17,435 [INFO] ApiDb:250 - Set database path to: /home/anon/.stmcufinder/plugins/mcufinder//mcu/
2026-07-03 09:10:17,435 [WARN] DbFile:41 - Overriding database path with different value: /home/anon/.stmcufinder/plugins/mcufinder/ => /home/anon/.stmcufinder/plugins/mcufinder
2026-07-03 09:10:17,435 [INFO] DbMcusAds:125 - Set database path to: /home/anon/.stmcufinder/plugins/mcufinder//mcu/
2026-07-03 09:10:17,435 [WARN] DbFile:41 - Overriding database path with different value: /home/anon/.stmcufinder/plugins/mcufinder/ => /home/anon/.stmcufinder/plugins/mcufinder
2026-07-03 09:10:17,435 [WARN] DbFile:41 - Overriding database path with different value: /home/anon/.stmcufinder/plugins/mcufinder/ => /home/anon/.stmcufinder/plugins/mcufinder
2026-07-03 09:10:17,436 [INFO] CrossReferenceDbSqlite:203 - Set database path to: /home/anon/.stmcufinder/plugins/mcufinder//mcu/cs/
2026-07-03 09:10:17,449 [INFO] ApplicationProperties:184 - Using Application install path: /home/anon/st/stm32cubeide_1.19.0_2/plugins/com.st.stm32cube.common.mx_6.15.0.202507011659
2026-07-03 09:10:17,450 [INFO] PluginManage:196 - Search for loadable plugins [exclusion list=, ]
2026-07-03 09:10:17,451 [INFO] PluginManage:310 - Check plugin analytics
2026-07-03 09:10:17,590 [INFO] AnalyticsPlugin:253 - Accepted Software Licenses: STM32CubeMX.6.17.0
2026-07-03 09:10:17,590 [INFO] AnalyticsPlugin:255 - Accepted CMSIS Pack Licenses: 
2026-07-03 09:10:17,590 [INFO] AnalyticsPlugin:257 - Accepted Firmware Licenses: 
2026-07-03 09:10:17,592 [INFO] PluginManage:359 - Loaded plugin analytics (category:tool,tabindex:-1)
2026-07-03 09:10:17,593 [INFO] PluginManage:310 - Check plugin cadmodel
2026-07-03 09:10:17,599 [INFO] CADModel:105 - Init CAD model plugin
2026-07-03 09:10:17,599 [INFO] PluginManage:359 - Loaded plugin cadmodel (category:power,tabindex:5)
2026-07-03 09:10:17,600 [INFO] PluginManage:310 - Check plugin clock
2026-07-03 09:10:17,608 [INFO] PluginManage:359 - Loaded plugin clock (category:base,tabindex:2)
2026-07-03 09:10:17,608 [INFO] PluginManage:310 - Check plugin ddr
2026-07-03 09:10:17,610 [INFO] PluginManage:359 - Loaded plugin ddr (category:tool,tabindex:6)
2026-07-03 09:10:17,610 [INFO] PluginManage:310 - Check plugin filemanager
2026-07-03 09:10:17,734 [INFO] PluginManage:359 - Loaded plugin filemanager (category:base,tabindex:10)
2026-07-03 09:10:17,734 [INFO] PluginManage:310 - Check plugin ipmanager
2026-07-03 09:10:17,739 [INFO] PluginManage:359 - Loaded plugin ipmanager (category:base,tabindex:5)
2026-07-03 09:10:17,739 [INFO] PluginManage:310 - Check plugin lpbam
2026-07-03 09:10:17,747 [INFO] PluginManage:359 - Loaded plugin lpbam (category:base,tabindex:0)
2026-07-03 09:10:17,747 [INFO] PluginManage:310 - Check plugin memorymap
2026-07-03 09:10:17,757 [INFO] PluginManage:359 - Loaded plugin memorymap (category:base,tabindex:4)
2026-07-03 09:10:17,757 [INFO] PluginManage:310 - Check plugin pinoutandconfiguration
2026-07-03 09:10:17,764 [INFO] PluginManage:359 - Loaded plugin pinoutandconfiguration (category:base,tabindex:1)
2026-07-03 09:10:17,764 [INFO] PluginManage:310 - Check plugin pinoutconfig
2026-07-03 09:10:17,836 [WARN] SupportedApi:132 - Cannot load RTOS API schema: s4s-elt-must-match.1: The content of 'definitions' must match (annotation?, (simpleType | complexType)?, (unique | key | keyref)*)). A problem was found starting at: attribute.
2026-07-03 09:10:17,948 [INFO] PluginManage:359 - Loaded plugin pinoutconfig (category:base,tabindex:0)
2026-07-03 09:10:17,949 [INFO] PluginManage:310 - Check plugin power
2026-07-03 09:10:17,957 [INFO] PluginManage:359 - Loaded plugin power (category:power,tabindex:4)
2026-07-03 09:10:17,957 [INFO] PluginManage:310 - Check plugin projectmanager
2026-07-03 09:10:17,972 [INFO] PluginManage:359 - Loaded plugin projectmanager (category:projectmanager,tabindex:4)
2026-07-03 09:10:17,973 [INFO] PluginManage:310 - Check plugin rif
2026-07-03 09:10:17,982 [INFO] PluginManage:359 - Loaded plugin rif (category:base,tabindex:3)
2026-07-03 09:10:17,982 [INFO] PluginManage:310 - Check plugin thirdparty
2026-07-03 09:10:18,073 [INFO] PluginManage:359 - Loaded plugin thirdparty (category:base,tabindex:-1)
2026-07-03 09:10:18,074 [INFO] PluginManage:310 - Check plugin tools
2026-07-03 09:10:18,073 [WARN] IntegrityCheckThread:84 - waiting for thirdparty lock release [integrity check]
2026-07-03 09:10:18,074 [INFO] IntegrityCheckThread:86 - entering critical section [integrity check]
2026-07-03 09:10:18,074 [INFO] ThirdPartyUpdaterWithRetryManager:70 - Updater plugin not ready yet. [1/15]
2026-07-03 09:10:18,076 [INFO] PluginManage:359 - Loaded plugin tools (category:base,tabindex:7)
2026-07-03 09:10:18,076 [INFO] PluginManage:310 - Check plugin tutovideos
2026-07-03 09:10:18,222 [INFO] PluginManage:359 - Loaded plugin tutovideos (category:base,tabindex:-1)
2026-07-03 09:10:18,223 [INFO] PluginManage:310 - Check plugin updater
2026-07-03 09:10:18,242 [INFO] PluginManage:359 - Loaded plugin updater (category:base,tabindex:12)
2026-07-03 09:10:18,243 [INFO] PluginManage:310 - Check plugin userauth
2026-07-03 09:10:18,246 [INFO] UserAuth:118 - Init User Auth plugin
2026-07-03 09:10:18,246 [INFO] PluginManage:359 - Loaded plugin userauth (category:base,tabindex:14)
2026-07-03 09:10:18,247 [INFO] PluginManage:283 - PluginManage : Loaded plugins [18]
2026-07-03 09:10:18,396 [INFO] PinOutPanel:1589 - setPackage(No Configuration,No Configuration)
2026-07-03 09:10:18,453 [INFO] CADModel:165 - CPN selected for project level
2026-07-03 09:10:18,453 [INFO] CADModel:114 - Register for checkConnection events
2026-07-03 09:10:18,464 [INFO] IPUIPlugin:80 - create IPUIPlugin
2026-07-03 09:10:18,464 [INFO] PluginManager:220 - loadIPPluginJar : add sai
2026-07-03 09:10:18,467 [INFO] IPUIPlugin:80 - create IPUIPlugin
2026-07-03 09:10:18,467 [INFO] PluginManager:220 - loadIPPluginJar : add resmgrutility
2026-07-03 09:10:18,469 [INFO] IPUIPlugin:80 - create IPUIPlugin
2026-07-03 09:10:18,469 [INFO] PluginManager:220 - loadIPPluginJar : add i2c
2026-07-03 09:10:18,471 [INFO] IPUIPlugin:80 - create IPUIPlugin
2026-07-03 09:10:18,471 [INFO] PluginManager:220 - loadIPPluginJar : add dfsdm
2026-07-03 09:10:18,473 [INFO] IPUIPlugin:80 - create IPUIPlugin
2026-07-03 09:10:18,473 [INFO] PluginManager:220 - loadIPPluginJar : add touchsensing
2026-07-03 09:10:18,474 [INFO] IPUIPlugin:80 - create IPUIPlugin
2026-07-03 09:10:18,474 [INFO] PluginManager:220 - loadIPPluginJar : add radio
2026-07-03 09:10:18,476 [INFO] IPUIPlugin:80 - create IPUIPlugin
2026-07-03 09:10:18,476 [INFO] PluginManager:220 - loadIPPluginJar : add tracer_emb
2026-07-03 09:10:18,478 [INFO] IPUIPlugin:80 - create IPUIPlugin
2026-07-03 09:10:18,478 [INFO] PluginManager:220 - loadIPPluginJar : add gfxmmu
2026-07-03 09:10:18,479 [INFO] IPUIPlugin:80 - create IPUIPlugin
2026-07-03 09:10:18,479 [INFO] PluginManager:220 - loadIPPluginJar : add lorawan
2026-07-03 09:10:18,482 [INFO] IPUIPlugin:80 - create IPUIPlugin
2026-07-03 09:10:18,482 [INFO] PluginManager:220 - loadIPPluginJar : add usbx
2026-07-03 09:10:18,483 [INFO] IPUIPlugin:80 - create IPUIPlugin
2026-07-03 09:10:18,484 [INFO] PluginManager:220 - loadIPPluginJar : add cryp
2026-07-03 09:10:18,485 [INFO] IPUIPlugin:80 - create IPUIPlugin
2026-07-03 09:10:18,486 [INFO] PluginManager:220 - loadIPPluginJar : add extmemmanager
2026-07-03 09:10:18,487 [INFO] IPUIPlugin:80 - create IPUIPlugin
2026-07-03 09:10:18,487 [INFO] PluginManager:220 - loadIPPluginJar : add ucpd
2026-07-03 09:10:18,489 [INFO] IPUIPlugin:80 - create IPUIPlugin
2026-07-03 09:10:18,489 [INFO] PluginManager:220 - loadIPPluginJar : add openamp
2026-07-03 09:10:18,495 [INFO] IPUIPlugin:80 - create IPUIPlugin
2026-07-03 09:10:18,495 [INFO] PluginManager:220 - loadIPPluginJar : add linkedlist
2026-07-03 09:10:18,497 [INFO] IPUIPlugin:80 - create IPUIPlugin
2026-07-03 09:10:18,497 [INFO] PluginManager:220 - loadIPPluginJar : add tim
2026-07-03 09:10:18,501 [INFO] IPUIPlugin:80 - create IPUIPlugin
2026-07-03 09:10:18,501 [INFO] PluginManager:220 - loadIPPluginJar : add adc
2026-07-03 09:10:18,505 [INFO] IPUIPlugin:80 - create IPUIPlugin
2026-07-03 09:10:18,505 [INFO] PluginManager:220 - loadIPPluginJar : add freertos
2026-07-03 09:10:18,507 [INFO] IPUIPlugin:80 - create IPUIPlugin
2026-07-03 09:10:18,507 [INFO] PluginManager:220 - loadIPPluginJar : add hash
2026-07-03 09:10:18,511 [INFO] IPUIPlugin:80 - create IPUIPlugin
2026-07-03 09:10:18,512 [INFO] PluginManager:220 - loadIPPluginJar : add dma
2026-07-03 09:10:18,513 [INFO] IPUIPlugin:80 - create IPUIPlugin
2026-07-03 09:10:18,513 [INFO] PluginManager:220 - loadIPPluginJar : add ltdc
2026-07-03 09:10:18,514 [INFO] IPUIPlugin:80 - create IPUIPlugin
2026-07-03 09:10:18,514 [INFO] PluginManager:220 - loadIPPluginJar : add tsc
2026-07-03 09:10:18,515 [INFO] IPUIPlugin:80 - create IPUIPlugin
2026-07-03 09:10:18,515 [INFO] PluginManager:220 - loadIPPluginJar : add spi
2026-07-03 09:10:18,520 [INFO] IPUIPlugin:80 - create IPUIPlugin
2026-07-03 09:10:18,523 [INFO] PluginManager:220 - loadIPPluginJar : add plateformsettings
2026-07-03 09:10:18,526 [INFO] IPUIPlugin:80 - create IPUIPlugin
2026-07-03 09:10:18,526 [INFO] PluginManager:220 - loadIPPluginJar : add ipddr
2026-07-03 09:10:18,528 [INFO] IPUIPlugin:80 - create IPUIPlugin
2026-07-03 09:10:18,528 [INFO] PluginManager:220 - loadIPPluginJar : add i2s
2026-07-03 09:10:18,528 [INFO] IPUIPlugin:80 - create IPUIPlugin
2026-07-03 09:10:18,529 [INFO] PluginManager:220 - loadIPPluginJar : add comp
2026-07-03 09:10:18,530 [INFO] IPUIPlugin:80 - create IPUIPlugin
2026-07-03 09:10:18,531 [INFO] PluginManager:220 - loadIPPluginJar : add dma3
2026-07-03 09:10:18,534 [INFO] IPUIPlugin:80 - create IPUIPlugin
2026-07-03 09:10:18,534 [INFO] PluginManager:220 - loadIPPluginJar : add nvic
2026-07-03 09:10:18,538 [INFO] IPUIPlugin:80 - create IPUIPlugin
2026-07-03 09:10:18,538 [INFO] PluginManager:220 - loadIPPluginJar : add gic
2026-07-03 09:10:18,540 [INFO] IPUIPlugin:80 - create IPUIPlugin
2026-07-03 09:10:18,540 [INFO] PluginManager:220 - loadIPPluginJar : add usart
2026-07-03 09:10:18,542 [INFO] IPUIPlugin:80 - create IPUIPlugin
2026-07-03 09:10:18,542 [INFO] PluginManager:220 - loadIPPluginJar : add ddr_ctrl_phy
2026-07-03 09:10:18,547 [INFO] IPUIPlugin:80 - create IPUIPlugin
2026-07-03 09:10:18,547 [INFO] PluginManager:220 - loadIPPluginJar : add stm32_wpan
2026-07-03 09:10:18,548 [INFO] IPUIPlugin:80 - create IPUIPlugin
2026-07-03 09:10:18,548 [INFO] PluginManager:220 - loadIPPluginJar : add ts
2026-07-03 09:10:18,550 [INFO] IPUIPlugin:80 - create IPUIPlugin
2026-07-03 09:10:18,550 [INFO] PluginManager:220 - loadIPPluginJar : add gtzc
2026-07-03 09:10:18,552 [INFO] IPUIPlugin:80 - create IPUIPlugin
2026-07-03 09:10:18,552 [INFO] PluginManager:220 - loadIPPluginJar : add can
2026-07-03 09:10:18,553 [INFO] IPUIPlugin:80 - create IPUIPlugin
2026-07-03 09:10:18,553 [INFO] PluginManager:220 - loadIPPluginJar : add genericplugin
2026-07-03 09:10:18,554 [INFO] IPUIPlugin:80 - create IPUIPlugin
2026-07-03 09:10:18,554 [INFO] PluginManager:220 - loadIPPluginJar : add opamp
2026-07-03 09:10:18,555 [INFO] IPUIPlugin:80 - create IPUIPlugin
2026-07-03 09:10:18,555 [INFO] PluginManager:220 - loadIPPluginJar : add fatfs
2026-07-03 09:10:18,560 [INFO] IPUIPlugin:80 - create IPUIPlugin
2026-07-03 09:10:18,560 [INFO] PluginManager:220 - loadIPPluginJar : add gpio
2026-07-03 09:10:18,562 [INFO] IPUIPlugin:80 - create IPUIPlugin
2026-07-03 09:10:18,562 [INFO] PluginManager:220 - loadIPPluginJar : add pdm2pcm
2026-07-03 09:10:18,563 [INFO] IPUIPlugin:80 - create IPUIPlugin
2026-07-03 09:10:18,563 [INFO] PluginManager:220 - loadIPPluginJar : add quadspi
2026-07-03 09:10:18,565 [INFO] IPUIPlugin:80 - create IPUIPlugin
2026-07-03 09:10:18,565 [INFO] PluginManager:220 - loadIPPluginJar : add i3c
2026-07-03 09:10:18,566 [INFO] IPUIPlugin:80 - create IPUIPlugin
2026-07-03 09:10:18,567 [INFO] PluginManager:220 - loadIPPluginJar : add aes
2026-07-03 09:10:18,571 [INFO] IPUIPlugin:80 - create IPUIPlugin
2026-07-03 09:10:18,571 [INFO] PluginManager:220 - loadIPPluginJar : add mdma
2026-07-03 09:10:18,575 [INFO] IPUIPlugin:80 - create IPUIPlugin
2026-07-03 09:10:18,575 [INFO] PluginManager:220 - loadIPPluginJar : add fmc
2026-07-03 09:10:18,673 [FATAL] Updater:351 - Updater called before beeing initialized
2026-07-03 09:10:18,692 [INFO] RulesReader:64 - Compatibility file has been processed (317 Rules)
2026-07-03 09:10:18,699 [INFO] RulesReader:64 - Compatibility file has been processed (317 Rules)
2026-07-03 09:10:18,708 [INFO] CADModel:165 - CPN selected for project level
2026-07-03 09:10:18,708 [INFO] CADModel:114 - Register for checkConnection events
2026-07-03 09:10:18,708 [FATAL] Updater:351 - Updater called before beeing initialized
2026-07-03 09:10:18,708 [ERROR] CADModel:125 - Updater not yet initialized, retry later 
2026-07-03 09:10:18,825 [FATAL] Updater:351 - Updater called before beeing initialized
2026-07-03 09:10:18,827 [INFO] CADModel:165 - CPN selected for project level
2026-07-03 09:10:18,827 [INFO] CADModel:114 - Register for checkConnection events
2026-07-03 09:10:18,827 [FATAL] Updater:351 - Updater called before beeing initialized
2026-07-03 09:10:18,827 [ERROR] CADModel:125 - Updater not yet initialized, retry later 
2026-07-03 09:10:18,829 [FATAL] Updater:351 - Updater called before beeing initialized
2026-07-03 09:10:18,899 [FATAL] Updater:351 - Updater called before beeing initialized
2026-07-03 09:10:18,903 [INFO] DbMcusAds:53 - JSON generation date=Thu May 28 21:38:17 IST 2026 (1779984497073)
2026-07-03 09:10:18,904 [FATAL] Updater:351 - Updater called before beeing initialized
2026-07-03 09:10:18,944 [WARN] DetailPanel:346 - Failed to get advertising image, set to default
2026-07-03 09:10:19,043 [FATAL] Updater:351 - Updater called before beeing initialized
2026-07-03 09:10:19,045 [FATAL] Updater:351 - Updater called before beeing initialized
2026-07-03 09:10:19,045 [FATAL] Updater:351 - Updater called before beeing initialized
2026-07-03 09:10:19,046 [WARN] DetailPanel:346 - Failed to get advertising image, set to default
2026-07-03 09:10:19,047 [FATAL] Updater:351 - Updater called before beeing initialized
2026-07-03 09:10:19,077 [ERROR] Updater:1198 - MainUpdater not yet initialized. External WinMGr cannot be set.
2026-07-03 09:10:19,079 [INFO] Updater:1134 - Updater Version found : 6.15.0
2026-07-03 09:10:19,092 [INFO] ApplicationProperties:184 - Using Application install path: /home/anon/st/stm32cubeide_1.19.0_2/plugins/com.st.stm32cube.common.mx_6.15.0.202507011659
2026-07-03 09:10:19,321 [INFO] MainUpdater:2872 - connection check result : 10
2026-07-03 09:10:19,322 [INFO] MainUpdater:289 - Updater Check For Update Now.
2026-07-03 09:10:19,322 [INFO] MicroXplorer:498 - Change Database Version : DB.6.0.150
2026-07-03 09:10:19,327 [INFO] McuFinderGlobals:63 - Set McuFinder mode to 2 (CubeIDE integrated)
2026-07-03 09:10:19,328 [INFO] UserAuth:487 - Internet connection configuration mode: 1
2026-07-03 09:10:19,351 [INFO] JxBrowserEngine:152 - Initiate JxBrowser Engine with user profile folder
2026-07-03 09:10:19,512 [INFO] CheckServerUpdateThread:120 - End of CheckServer Thread
2026-07-03 09:10:20,027 [INFO] WebApp:169 - Instantiating new browser for Auth
2026-07-03 09:10:20,572 [INFO] WebApp:463 - Apply proxy settings
2026-07-03 09:10:20,574 [INFO] WebApp:508 - Chromium authenticates against Manually configured proxy
2026-07-03 09:10:20,581 [INFO] WebApp:516 - Username used for proxy authentication: 
2026-07-03 09:10:20,601 [INFO] WebApp:900 - Register for checkConnection events
2026-07-03 09:10:20,601 [INFO] WebApp:463 - Apply proxy settings
2026-07-03 09:10:20,602 [INFO] WebApp:508 - Chromium authenticates against Manually configured proxy
2026-07-03 09:10:20,602 [INFO] WebApp:516 - Username used for proxy authentication: 
2026-07-03 09:10:20,729 [INFO] WebApp:225 - Starting web application
2026-07-03 09:10:20,730 [INFO] WebApp:593 - Web application path used /home/anon/st/stm32cubeide_1.19.0_2/plugins/com.st.stm32cube.common.mx_6.15.0.202507011659/db/plugins/mcufinder/reactClient1/index.html
2026-07-03 09:10:20,817 [INFO] UserAuth:487 - Internet connection configuration mode: 1
2026-07-03 09:10:21,184 [INFO] WebApp:191 - Connection restablished
2026-07-03 09:10:21,238 [WARN] PackLoader:240 - Cannot read IP mode file for STMicroelectronics.X-CUBE-AZRTOS-H7.3.5.0
2026-07-03 09:10:21,250 [WARN] PackLoader:240 - Cannot read IP mode file for STMicroelectronics.FP-ATR-ASTRA1.2.0.2
2026-07-03 09:10:21,256 [ERROR] Engine:466 - /home/anon/.stm32cubemx/thirdparties/pdsc/STMicroelectronics.X-CUBE-SMBUS.2.1.1.pdsc: PDSC version is not supported
2026-07-03 09:10:21,272 [WARN] PackLoader:240 - Cannot read IP mode file for STMicroelectronics.X-CUBE-AZRTOS-F7.1.1.0
2026-07-03 09:10:21,281 [WARN] PackLoader:240 - Cannot read IP mode file for STMicroelectronics.X-CUBE-FREERTOS.1.6.0
2026-07-03 09:10:21,301 [WARN] PackLoader:240 - Cannot read IP mode file for STMicroelectronics.X-CUBE-AZRTOS-H7RS.1.3.0
2026-07-03 09:10:21,314 [WARN] PackLoader:240 - Cannot read IP mode file for WES.I-CUBE-Cesium.1.4.0
2026-07-03 09:10:21,322 [WARN] PackLoader:240 - Cannot read IP mode file for STMicroelectronics.X-CUBE-DISPLAY.3.0.0
2026-07-03 09:10:21,337 [WARN] PackLoader:240 - Cannot read IP mode file for STMicroelectronics.X-CUBE-GNSS1.7.1.1
2026-07-03 09:10:21,342 [WARN] PackLoader:240 - Cannot read IP mode file for wolfSSL.I-CUBE-wolfSSL.5.9.1
2026-07-03 09:10:21,348 [WARN] PackLoader:240 - Cannot read IP mode file for STMicroelectronics.X-CUBE-NFC10.1.0.0
2026-07-03 09:10:21,354 [WARN] PackLoader:240 - Cannot read IP mode file for STMicroelectronics.X-CUBE-ST60.1.1.0
2026-07-03 09:10:21,359 [WARN] PackLoader:240 - Cannot read IP mode file for emotas.I-CUBE-CANOPEN.1.3.0
2026-07-03 09:10:21,362 [ERROR] Engine:466 - /home/anon/.stm32cubemx/thirdparties/pdsc/STMicroelectronics.X-CUBE-WBA.1.1.0.pdsc: PDSC version is not supported
2026-07-03 09:10:21,366 [WARN] PackLoader:240 - Cannot read IP mode file for STMicroelectronics.FP-SNS-SMARTAG2.1.2.0
2026-07-03 09:10:21,370 [WARN] PackLoader:240 - Cannot read IP mode file for STMicroelectronics.FP-SNS-FLIGHT1.5.1.0
2026-07-03 09:10:21,378 [INFO] LogOutputStream:77 - [STDOUT_REDIRECT] 1 : Invalid condition id : UX_CORESTACK_Condition cause : null
2026-07-03 09:10:21,379 [INFO] LogOutputStream:77 - [STDOUT_REDIRECT] 1 : Invalid condition id : UX_CORESTACK_Condition cause : null
2026-07-03 09:10:21,379 [INFO] LogOutputStream:77 - [STDOUT_REDIRECT] 1 : Invalid condition id : UX_CORESTACK_Condition cause : null
2026-07-03 09:10:21,379 [INFO] LogOutputStream:77 - [STDOUT_REDIRECT] 1 : Invalid condition id : UX_CORESTACK_Condition cause : null
2026-07-03 09:10:21,379 [INFO] LogOutputStream:77 - [STDOUT_REDIRECT] 1 : Invalid condition id : UX_CORESTACK_Condition cause : null
2026-07-03 09:10:21,381 [WARN] PackLoader:240 - Cannot read IP mode file for STMicroelectronics.X-CUBE-AZRTOS-WL.2.0.0
2026-07-03 09:10:21,404 [WARN] PackLoader:240 - Cannot read IP mode file for STMicroelectronics.X-CUBE-AZRTOS-H7RS.1.2.0
2026-07-03 09:10:21,412 [WARN] PackLoader:240 - Cannot read IP mode file for STMicroelectronics.X-CUBE-BLE2.3.3.0
2026-07-03 09:10:21,447 [WARN] PackLoader:240 - Cannot read IP mode file for Infineon.AIROC-Wi-Fi-Bluetooth-STM32.1.8.0
2026-07-03 09:10:21,462 [WARN] PackLoader:240 - Cannot read IP mode file for STMicroelectronics.X-CUBE-NFC9.1.0.0
2026-07-03 09:10:21,470 [WARN] PackLoader:240 - Cannot read IP mode file for STMicroelectronics.X-CUBE-BLE1.7.1.0
2026-07-03 09:10:21,474 [WARN] PackLoader:240 - Cannot read IP mode file for wolfSSL.I-CUBE-wolfMQTT.1.19.2
2026-07-03 09:10:21,481 [WARN] PackLoader:240 - Cannot read IP mode file for STMicroelectronics.X-CUBE-EEPRMA1.5.2.0
2026-07-03 09:10:21,499 [WARN] PackLoader:240 - Cannot read IP mode file for STMicroelectronics.X-CUBE-AZRTOS-G0.1.1.0
2026-07-03 09:10:21,508 [WARN] PackLoader:240 - Cannot read IP mode file for STMicroelectronics.X-CUBE-NFC4.3.0.0
2026-07-03 09:10:21,516 [WARN] PackLoader:240 - Cannot read IP mode file for EmbeddedOffice.I-CUBE-FS-RTOS.1.0.1
2026-07-03 09:10:21,521 [WARN] PackLoader:240 - Cannot read IP mode file for wolfSSL.I-CUBE-wolfTPM.3.8.0
2026-07-03 09:10:21,525 [WARN] PackLoader:240 - Cannot read IP mode file for STMicroelectronics.X-CUBE-TCPP.4.2.0
2026-07-03 09:10:21,531 [WARN] PackLoader:240 - Cannot read IP mode file for RealThread.X-CUBE-RT-Thread_Nano.4.1.1
2026-07-03 09:10:21,536 [WARN] PackLoader:240 - Cannot read IP mode file for STMicroelectronics.FP-ATR-SIGFOX1.3.2.0
2026-07-03 09:10:21,540 [WARN] PackLoader:240 - Cannot read IP mode file for STMicroelectronics.X-CUBE-FREERTOS.1.5.0
2026-07-03 09:10:21,545 [WARN] PackLoader:240 - Cannot read IP mode file for ITTIA_DB.I-CUBE-ITTIADB.8.9.0
2026-07-03 09:10:21,548 [WARN] PackLoader:240 - Cannot read IP mode file for Cesanta.I-CUBE-Mongoose.7.21.7
2026-07-03 09:10:21,553 [WARN] PackLoader:240 - Cannot read IP mode file for STMicroelectronics.X-CUBE-NFC6.3.2.0
2026-07-03 09:10:21,559 [WARN] PackLoader:240 - Cannot read IP mode file for STMicroelectronics.X-CUBE-AI.10.2.1
2026-07-03 09:10:21,593 [WARN] PackLoader:240 - Cannot read IP mode file for STMicroelectronics.X-CUBE-MEMS1.12.1.0
2026-07-03 09:10:21,786 [WARN] PackLoader:240 - Cannot read IP mode file for SEGGER.I-CUBE-embOS.1.3.1
2026-07-03 09:10:21,865 [WARN] PackLoader:240 - Cannot read IP mode file for STMicroelectronics.X-CUBE-NFC13.1.0.0
2026-07-03 09:10:21,872 [WARN] PackLoader:240 - Cannot read IP mode file for STMicroelectronics.X-CUBE-PM33A1.1.0.0
2026-07-03 09:10:21,889 [WARN] PackLoader:240 - Cannot read IP mode file for STMicroelectronics.X-CUBE-AZRTOS-F4.1.1.0
2026-07-03 09:10:21,898 [WARN] PackLoader:240 - Cannot read IP mode file for STMicroelectronics.X-CUBE-ISPU.2.1.0
2026-07-03 09:10:21,913 [WARN] PackLoader:240 - Cannot read IP mode file for STMicroelectronics.X-CUBE-IPS.3.2.0
2026-07-03 09:10:21,932 [WARN] PackLoader:240 - Cannot read IP mode file for STMicroelectronics.eDS-WB_DPC_TT-BIDIR.2.1.1
2026-07-03 09:10:21,938 [WARN] PackLoader:240 - Cannot read IP mode file for STMicroelectronics.X-CUBE-NFC12.1.0.0
2026-07-03 09:10:21,956 [WARN] PackLoader:240 - Cannot read IP mode file for STMicroelectronics.X-CUBE-AZRTOS-L5.2.0.0
2026-07-03 09:10:21,967 [WARN] PackLoader:240 - Cannot read IP mode file for STMicroelectronics.X-CUBE-ALGOBUILD.1.5.0
2026-07-03 09:10:21,971 [WARN] PackLoader:240 - Cannot read IP mode file for STMicroelectronics.eDS-WB_DPC_VIENNA.1.2.0
2026-07-03 09:10:21,975 [WARN] PackLoader:240 - Cannot read IP mode file for STMicroelectronics.eDS-WB_DPC_3PH2L-BIDIR.1.1.1
2026-07-03 09:10:21,979 [ERROR] Engine:466 - /home/anon/.stm32cubemx/thirdparties/pdsc/STMicroelectronics.X-CUBE-ST67W61.1.3.0.pdsc: PDSC version is not supported
2026-07-03 09:10:21,984 [WARN] PackLoader:240 - Cannot read IP mode file for STMicroelectronics.X-CUBE-TOUCHGFX.4.26.1
2026-07-03 09:10:21,988 [WARN] PackLoader:240 - Cannot read IP mode file for STMicroelectronics.X-CUBE-DPower.1.3.0
2026-07-03 09:10:22,005 [WARN] ConditionMgr:438 - getConditionDescription Invalid condition id : LAN8742 Phy interface Condition cause : null
2026-07-03 09:10:22,006 [WARN] PackLoader:240 - Cannot read IP mode file for STMicroelectronics.X-CUBE-AZRTOS-L4.2.0.0
2026-07-03 09:10:22,007 [WARN] ConditionMgr:1044 - genDependencies : Invalid condition id : LAN8742 Phy interface Condition cause : null
2026-07-03 09:10:22,008 [WARN] ConditionMgr:1044 - genDependencies : Invalid condition id : LAN8742 Phy interface Condition cause : null
2026-07-03 09:10:22,009 [WARN] ConditionMgr:1044 - genDependencies : Invalid condition id : LAN8742 Phy interface Condition cause : null
2026-07-03 09:10:22,016 [WARN] PackLoader:240 - Cannot read IP mode file for STMicroelectronics.X-CUBE-SFXS2LP1.4.0.0
2026-07-03 09:10:22,023 [WARN] PackLoader:240 - Cannot read IP mode file for STMicroelectronics.X-CUBE-WB05N.2.1.0
2026-07-03 09:10:22,031 [WARN] ConditionMgr:438 - getConditionDescription Invalid condition id : UX DEVICE CLASS RTOS Condition cause : null
2026-07-03 09:10:22,031 [WARN] ConditionMgr:438 - getConditionDescription Invalid condition id : UX DEVICE CLASS RTOS Condition cause : null
2026-07-03 09:10:22,032 [WARN] PackLoader:240 - Cannot read IP mode file for STMicroelectronics.X-CUBE-AZRTOS-WB.2.0.0
2026-07-03 09:10:22,032 [WARN] ConditionMgr:1044 - genDependencies : Invalid condition id : UX DEVICE CLASS RTOS Condition cause : null
2026-07-03 09:10:22,033 [WARN] ConditionMgr:1044 - genDependencies : Invalid condition id : UX DEVICE CLASS RTOS Condition cause : null
2026-07-03 09:10:22,033 [WARN] ConditionMgr:1044 - genDependencies : Invalid condition id : UX DEVICE CLASS RTOS Condition cause : null
2026-07-03 09:10:22,033 [WARN] ConditionMgr:1044 - genDependencies : Invalid condition id : UX DEVICE CLASS RTOS Condition cause : null
2026-07-03 09:10:22,033 [WARN] ConditionMgr:1044 - genDependencies : Invalid condition id : UX DEVICE CLASS RTOS Condition cause : null
2026-07-03 09:10:22,037 [WARN] ConditionMgr:438 - getConditionDescription Invalid condition id : Cortex-A Device cause : null
2026-07-03 09:10:22,044 [WARN] ConditionMgr:1044 - genDependencies : Invalid condition id : Cortex-A Device cause : null
2026-07-03 09:10:22,044 [WARN] ConditionMgr:1044 - genDependencies : Invalid condition id : Cortex-A Device cause : null
2026-07-03 09:10:22,044 [WARN] ConditionMgr:1044 - genDependencies : Invalid condition id : Cortex-A Device cause : null
2026-07-03 09:10:22,048 [WARN] PackLoader:240 - Cannot read IP mode file for STMicroelectronics.X-CUBE-STSE01.2.0.0
2026-07-03 09:10:22,057 [WARN] PackLoader:240 - Cannot read IP mode file for STMicroelectronics.X-CUBE-SUBG2.5.0.0
2026-07-03 09:10:22,071 [WARN] PackLoader:240 - Cannot read IP mode file for STMicroelectronics.X-CUBE-AZRTOS-G4.2.0.0
2026-07-03 09:10:22,076 [WARN] PackLoader:240 - Cannot read IP mode file for wolfSSL.I-CUBE-wolfSSH.1.4.20
2026-07-03 09:10:22,079 [WARN] PackLoader:240 - Cannot read IP mode file for STMicroelectronics.X-CUBE-NFC7.2.0.0
2026-07-03 09:10:22,082 [WARN] PackLoader:240 - Cannot read IP mode file for STMicroelectronics.X-CUBE-ALS.1.0.2
2026-07-03 09:10:22,090 [WARN] PackLoader:240 - Cannot read IP mode file for STMicroelectronics.X-CUBE-TOF1.3.4.3
2026-07-03 09:10:22,107 [INFO] ThirdParty:978 - Integrity check success = true
2026-07-03 09:10:22,107 [INFO] IntegrityCheckThread:100 - exiting critical section [integrity check]
2026-07-03 09:10:22,107 [INFO] IntegrityCheckThread:103 - End integrity checks thread
2026-07-03 09:35:57,630 [INFO] WebApp:194 - Connection lost
2026-07-03 09:36:02,966 [INFO] WebApp:191 - Connection restablished
2026-07-03 09:36:05,361 [INFO] WebApp:194 - Connection lost
2026-07-03 09:36:05,522 [INFO] WebApp:191 - Connection restablished
2026-07-03 10:01:49,321 [INFO] WebApp:194 - Connection lost
2026-07-03 10:01:53,884 [INFO] WebApp:191 - Connection restablished
2026-07-03 10:01:56,860 [INFO] WebApp:194 - Connection lost
2026-07-03 10:01:57,192 [INFO] WebApp:191 - Connection restablished
2026-07-03 11:38:13,285 [INFO] WebApp:194 - Connection lost
2026-07-03 11:38:17,845 [INFO] WebApp:191 - Connection restablished
2026-07-03 11:38:20,586 [INFO] WebApp:194 - Connection lost
2026-07-03 11:38:20,810 [INFO] WebApp:191 - Connection restablished
2026-07-03 14:21:07,285 [INFO] WebApp:194 - Connection lost
2026-07-03 14:21:11,916 [INFO] WebApp:191 - Connection restablished
2026-07-03 14:21:14,876 [INFO] WebApp:194 - Connection lost
2026-07-03 14:21:15,037 [INFO] WebApp:191 - Connection restablished
2026-07-03 16:03:35,209 [ERROR] LogOutputStream:75 - [STDERR_REDIRECT] 
